<?xml version="1.0" encoding="UTF-8"?>
<testng-results ignored="0" total="1" passed="1" failed="0" skipped="0">
  <reporter-output>
  </reporter-output>
  <suite started-at="2023-02-17T17:26:20 IST" name="Suite" finished-at="2023-02-17T17:26:49 IST" duration-ms="29044">
    <groups>
    </groups>
    <test started-at="2023-02-17T17:26:20 IST" name="Test" finished-at="2023-02-17T17:26:49 IST" duration-ms="29044">
      <class name="Website.Redbus.Clicksearch">
        <test-method is-config="true" signature="openurl()[pri:0, instance:Website.Redbus.Clicksearch@10e41621]" started-at="2023-02-17T17:26:20 IST" name="openurl" finished-at="2023-02-17T17:26:31 IST" duration-ms="10979" status="PASS">
          <reporter-output>
          </reporter-output>
        </test-method> <!-- openurl -->
        <test-method signature="search()[pri:0, instance:Website.Redbus.Clicksearch@10e41621]" started-at="2023-02-17T17:26:31 IST" name="search" finished-at="2023-02-17T17:26:49 IST" duration-ms="17908" status="PASS">
          <reporter-output>
          </reporter-output>
        </test-method> <!-- search -->
      </class> <!-- Website.Redbus.Clicksearch -->
    </test> <!-- Test -->
  </suite> <!-- Suite -->
</testng-results>
