<?xml version="1.0" encoding="UTF-8"?>
<testng-results ignored="0" total="1" passed="1" failed="0" skipped="0">
  <reporter-output>
  </reporter-output>
  <suite started-at="2023-02-17T17:24:51 IST" name="Suite" finished-at="2023-02-17T17:25:22 IST" duration-ms="30598">
    <groups>
    </groups>
    <test started-at="2023-02-17T17:24:51 IST" name="Test" finished-at="2023-02-17T17:25:22 IST" duration-ms="30598">
      <class name="Website.Redbus.Clicksearch">
        <test-method is-config="true" signature="openurl()[pri:0, instance:Website.Redbus.Clicksearch@35ef1869]" started-at="2023-02-17T17:24:51 IST" name="openurl" finished-at="2023-02-17T17:25:01 IST" duration-ms="9935" status="PASS">
          <reporter-output>
          </reporter-output>
        </test-method> <!-- openurl -->
        <test-method signature="search()[pri:0, instance:Website.Redbus.Clicksearch@35ef1869]" started-at="2023-02-17T17:25:01 IST" name="search" finished-at="2023-02-17T17:25:21 IST" duration-ms="20468" status="PASS">
          <reporter-output>
          </reporter-output>
        </test-method> <!-- search -->
      </class> <!-- Website.Redbus.Clicksearch -->
    </test> <!-- Test -->
  </suite> <!-- Suite -->
</testng-results>
